<?xml version="1.0" encoding="UTF-8"?>
<!-- Generated by org.testng.reporters.JUnitReportReporter -->
<testsuite skipped="0" hostname="SRINI-LAPTOP" name="com.TestNG.ClickAndHold" tests="1" failures="0" timestamp="2020-11-30T21:40:56 PST" time="9.368" errors="0">
  <testcase name="actionOn" time="9.368" classname="com.TestNG.ClickAndHold"/>
  <system-out/>
</testsuite> <!-- com.TestNG.ClickAndHold -->
