<?xml version="1.0" encoding="UTF-8"?>
<!-- Generated by org.testng.reporters.JUnitReportReporter -->
<testsuite skipped="0" hostname="SRINI-LAPTOP" name="com.TestNG.OrangeHRMLogin" tests="2" failures="0" timestamp="2020-11-25T12:12:02 PST" time="2.781" errors="0">
  <testcase name="loginapp" time="1.600" classname="com.TestNG.OrangeHRMLogin"/>
  <system-out/>
  <testcase name="adminpage" time="1.181" classname="com.TestNG.OrangeHRMLogin"/>
  <system-out/>
</testsuite> <!-- com.TestNG.OrangeHRMLogin -->
