<?xml version="1.0" encoding="UTF-8"?>
<!-- Generated by org.testng.reporters.JUnitReportReporter -->
<testsuite skipped="0" hostname="SRINI-LAPTOP" name="com.TestNG.ParallelExcution2" tests="3" failures="0" timestamp="2020-11-25T10:53:30 PST" time="0.018" errors="0">
  <testcase name="tc007" time="0.014" classname="com.TestNG.ParallelExcution2"/>
  <system-out/>
  <testcase name="tc008" time="0.002" classname="com.TestNG.ParallelExcution2"/>
  <system-out/>
  <testcase name="tc009" time="0.002" classname="com.TestNG.ParallelExcution2"/>
  <system-out/>
</testsuite> <!-- com.TestNG.ParallelExcution2 -->
