<?xml version="1.0" encoding="UTF-8"?>
<!-- Generated by org.testng.reporters.JUnitReportReporter -->
<testsuite skipped="0" hostname="SRINI-LAPTOP" name="com.TestNG.FileUpload" tests="1" failures="0" timestamp="2020-11-30T22:03:13 PST" time="7.598" errors="0">
  <testcase name="upload" time="7.598" classname="com.TestNG.FileUpload"/>
  <system-out/>
</testsuite> <!-- com.TestNG.FileUpload -->
