<?xml version="1.0" encoding="UTF-8"?>
<!-- Generated by org.testng.reporters.JUnitReportReporter -->
<testsuite skipped="0" hostname="SRINI-LAPTOP" name="com.TestNG.FlipkartDemo" tests="6" failures="0" timestamp="2020-11-27T14:44:56 PST" time="11.498" errors="0">
  <testcase name="verifyTitle" time="0.027" classname="com.TestNG.FlipkartDemo"/>
  <system-out/>
  <testcase name="search" time="0.281" classname="com.TestNG.FlipkartDemo"/>
  <system-out/>
  <testcase name="selectProduct" time="4.917" classname="com.TestNG.FlipkartDemo"/>
  <system-out/>
  <testcase name="addProduct" time="3.159" classname="com.TestNG.FlipkartDemo"/>
  <system-out/>
  <testcase name="assertProduct" time="0.047" classname="com.TestNG.FlipkartDemo"/>
  <system-out/>
  <testcase name="assertPrice" time="3.067" classname="com.TestNG.FlipkartDemo"/>
  <system-out/>
</testsuite> <!-- com.TestNG.FlipkartDemo -->
