<?xml version="1.0" encoding="UTF-8"?>
<!-- Generated by org.testng.reporters.JUnitReportReporter -->
<testsuite skipped="0" hostname="SRINI-LAPTOP" name="com.TestNG.DragAndDrop" tests="1" failures="0" timestamp="2020-12-01T10:42:18 PST" time="14.014" errors="0">
  <testcase name="actionOn" time="14.014" classname="com.TestNG.DragAndDrop"/>
  <system-out/>
</testsuite> <!-- com.TestNG.DragAndDrop -->
