<?xml version="1.0" encoding="UTF-8"?>
<!-- Generated by org.testng.reporters.JUnitReportReporter -->
<testsuite skipped="0" hostname="SRINI-LAPTOP" name="com.TestNG.ParallelExcution" tests="3" failures="0" timestamp="2020-11-26T12:24:02 PST" time="0.017" errors="0">
  <testcase name="tc001" time="0.013" classname="com.TestNG.ParallelExcution"/>
  <system-out/>
  <testcase name="tc002" time="0.002" classname="com.TestNG.ParallelExcution"/>
  <system-out/>
  <testcase name="tc003" time="0.002" classname="com.TestNG.ParallelExcution"/>
  <system-out/>
</testsuite> <!-- com.TestNG.ParallelExcution -->
