<?xml version="1.0" encoding="UTF-8"?>
<!-- Generated by org.testng.reporters.JUnitReportReporter -->
<testsuite skipped="0" hostname="SRINI-LAPTOP" name="com.TestNG.ParallelExcution1" tests="3" failures="0" timestamp="2020-11-26T12:23:36 PST" time="0.018" errors="0">
  <testcase name="tc004" time="0.013" classname="com.TestNG.ParallelExcution1"/>
  <system-out/>
  <testcase name="tc005" time="0.002" classname="com.TestNG.ParallelExcution1"/>
  <system-out/>
  <testcase name="tc006" time="0.003" classname="com.TestNG.ParallelExcution1"/>
  <system-out/>
</testsuite> <!-- com.TestNG.ParallelExcution1 -->
