<?xml version="1.0" encoding="UTF-8"?>
<!-- Generated by org.testng.reporters.JUnitReportReporter -->
<testsuite skipped="0" hostname="SRINI-LAPTOP" name="com.TestNG.FlipkartSearchProduct" tests="6" failures="0" timestamp="2020-11-27T15:21:09 PST" time="11.585" errors="0">
  <testcase name="verifyTitle" time="0.015" classname="com.TestNG.FlipkartSearchProduct"/>
  <system-out/>
  <testcase name="search" time="2.191" classname="com.TestNG.FlipkartSearchProduct"/>
  <system-out/>
  <testcase name="selectProduct" time="3.086" classname="com.TestNG.FlipkartSearchProduct"/>
  <system-out/>
  <testcase name="addProduct" time="3.159" classname="com.TestNG.FlipkartSearchProduct"/>
  <system-out/>
  <testcase name="assertProduct" time="0.051" classname="com.TestNG.FlipkartSearchProduct"/>
  <system-out/>
  <testcase name="assertPrice" time="3.083" classname="com.TestNG.FlipkartSearchProduct"/>
  <system-out/>
</testsuite> <!-- com.TestNG.FlipkartSearchProduct -->
