<?xml version="1.0" encoding="UTF-8"?>
<!-- Generated by org.testng.reporters.JUnitReportReporter -->
<testsuite skipped="0" hostname="SRINI-LAPTOP" name="com.TestNG.MouseHandling" tests="1" failures="0" timestamp="2020-11-30T21:12:25 PST" time="3.611" errors="0">
  <testcase name="loginapp" time="3.611" classname="com.TestNG.MouseHandling"/>
  <system-out/>
</testsuite> <!-- com.TestNG.MouseHandling -->
