<?xml version="1.0" encoding="UTF-8"?>
<!-- Generated by org.testng.reporters.JUnitReportReporter -->
<testsuite skipped="0" hostname="SRINI-LAPTOP" name="Homework11252020.c2taAnnotations1" tests="3" failures="0" timestamp="2020-11-25T22:39:40 PST" time="20.356" errors="0">
  <testcase name="registerapp" time="1.247" classname="Homework11252020.c2taAnnotations1"/>
  <system-out/>
  <testcase name="loginapp" time="7.260" classname="Homework11252020.c2taAnnotations1"/>
  <system-out/>
  <testcase name="topnavigation" time="11.849" classname="Homework11252020.c2taAnnotations1"/>
  <system-out/>
</testsuite> <!-- Homework11252020.c2taAnnotations1 -->
