<?xml version="1.0" encoding="UTF-8"?>
<!-- Generated by org.testng.reporters.JUnitReportReporter -->
<testsuite skipped="0" hostname="SRINI-LAPTOP" name="Homework11252020.c2taloginforTestNG" tests="3" failures="0" timestamp="2020-11-25T21:52:23 PST" time="25.471" errors="0">
  <testcase name="registerapp" time="1.759" classname="Homework11252020.c2taloginforTestNG"/>
  <system-out/>
  <testcase name="loginapp" time="5.092" classname="Homework11252020.c2taloginforTestNG"/>
  <system-out/>
  <testcase name="topnavigation" time="18.620" classname="Homework11252020.c2taloginforTestNG"/>
  <system-out/>
</testsuite> <!-- Homework11252020.c2taloginforTestNG -->
