<?xml version="1.0" encoding="UTF-8"?>
<!-- Generated by org.testng.reporters.JUnitReportReporter -->
<testsuite skipped="0" hostname="SRINI-LAPTOP" name="com.TestNG.DependsOnGroups" tests="2" failures="0" timestamp="2020-11-30T22:27:58 PST" time="0.015" errors="0">
  <testcase name="tc001" time="0.013" classname="com.TestNG.DependsOnGroups"/>
  <system-out/>
  <testcase name="tc002" time="0.002" classname="com.TestNG.DependsOnGroups"/>
  <system-out/>
</testsuite> <!-- com.TestNG.DependsOnGroups -->
