<?xml version="1.0" encoding="UTF-8"?>
<!-- Generated by org.testng.reporters.JUnitReportReporter -->
<testsuite skipped="0" hostname="SRINI-LAPTOP" name="com.TestNG.ParameterizeWithDataProvider" tests="3" failures="0" timestamp="2020-12-01T10:48:50 PST" time="30.286" errors="0">
  <testcase name="loginTofacebook" time="9.749" classname="com.TestNG.ParameterizeWithDataProvider"/>
  <system-out/>
  <testcase name="loginTofacebook" time="8.694" classname="com.TestNG.ParameterizeWithDataProvider"/>
  <system-out/>
  <testcase name="loginTofacebook" time="11.843" classname="com.TestNG.ParameterizeWithDataProvider"/>
  <system-out/>
</testsuite> <!-- com.TestNG.ParameterizeWithDataProvider -->
