<?xml version="1.0" encoding="UTF-8"?>
<!-- Generated by org.testng.reporters.JUnitReportReporter -->
<testsuite skipped="0" hostname="SRINI-LAPTOP" name="com.TestNG.PriorityTestCases" tests="3" failures="0" timestamp="2020-11-25T10:34:18 PST" time="0.024" errors="0">
  <testcase name="tc003" time="0.016" classname="com.TestNG.PriorityTestCases"/>
  <system-out/>
  <testcase name="tc001" time="0.006" classname="com.TestNG.PriorityTestCases"/>
  <system-out/>
  <testcase name="tc002" time="0.002" classname="com.TestNG.PriorityTestCases"/>
  <system-out/>
</testsuite> <!-- com.TestNG.PriorityTestCases -->
