<?xml version="1.0" encoding="UTF-8"?>
<!-- Generated by org.testng.reporters.JUnitReportReporter -->
<testsuite skipped="0" hostname="SRINI-LAPTOP" name="com.TestNG.KeyBoardHandling" tests="2" failures="0" timestamp="2020-11-30T21:15:07 PST" time="21.642" errors="0">
  <testcase name="loginapp" time="14.001" classname="com.TestNG.KeyBoardHandling"/>
  <system-out/>
  <testcase name="listDisplay" time="7.641" classname="com.TestNG.KeyBoardHandling"/>
  <system-out/>
</testsuite> <!-- com.TestNG.KeyBoardHandling -->
