<?xml version="1.0" encoding="UTF-8"?>
<!-- Generated by org.testng.reporters.JUnitReportReporter -->
<testsuite skipped="0" hostname="SRINI-LAPTOP" name="com.TestNG.SampleTestcase" tests="3" failures="0" timestamp="2020-11-25T10:12:00 PST" time="0.023" errors="0">
  <testcase name="tc003" time="0.004" classname="com.TestNG.SampleTestcase"/>
  <system-out/>
  <testcase name="tc001" time="0.016" classname="com.TestNG.SampleTestcase"/>
  <system-out/>
  <testcase name="tc002" time="0.003" classname="com.TestNG.SampleTestcase"/>
  <system-out/>
</testsuite> <!-- com.TestNG.SampleTestcase -->
