<?xml version="1.0" encoding="UTF-8"?>
<!-- Generated by org.testng.reporters.JUnitReportReporter -->
<testsuite skipped="0" hostname="SRINI-LAPTOP" name="com.TestNG.FlipkartSearchProduct" tests="6" failures="0" timestamp="2020-11-27T14:55:34 PST" time="10.441" errors="0">
  <testcase name="verifyTitle" time="0.019" classname="com.TestNG.FlipkartSearchProduct"/>
  <system-out/>
  <testcase name="search" time="2.224" classname="com.TestNG.FlipkartSearchProduct"/>
  <system-out/>
  <testcase name="selectProduct" time="1.882" classname="com.TestNG.FlipkartSearchProduct"/>
  <system-out/>
  <testcase name="addProduct" time="3.196" classname="com.TestNG.FlipkartSearchProduct"/>
  <system-out/>
  <testcase name="assertProduct" time="0.053" classname="com.TestNG.FlipkartSearchProduct"/>
  <system-out/>
  <testcase name="assertPrice" time="3.067" classname="com.TestNG.FlipkartSearchProduct"/>
  <system-out/>
</testsuite> <!-- com.TestNG.FlipkartSearchProduct -->
