<?xml version="1.0" encoding="UTF-8"?>
<!-- Generated by org.testng.reporters.JUnitReportReporter -->
<testsuite skipped="0" hostname="SRINI-LAPTOP" name="com.testCases.FacebookLoginTest" tests="1" failures="0" timestamp="2020-12-07T10:36:10 PST" time="0.475" errors="0">
  <testcase name="login" time="0.475" classname="com.testCases.FacebookLoginTest"/>
  <system-out/>
</testsuite> <!-- com.testCases.FacebookLoginTest -->
