<?xml version="1.0" encoding="UTF-8"?>
<!-- Generated by org.testng.reporters.JUnitReportReporter -->
<testsuite skipped="0" hostname="SRINI-LAPTOP" name="com.testCases.LoginTest" tests="1" failures="0" timestamp="2020-12-03T11:27:36 PST" time="0.493" errors="0">
  <testcase name="login" time="0.493" classname="com.testCases.LoginTest"/>
  <system-out/>
</testsuite> <!-- com.testCases.LoginTest -->
