<?xml version="1.0" encoding="UTF-8"?>
<!-- Generated by org.testng.reporters.JUnitReportReporter -->
<testsuite skipped="0" hostname="SRINI-LAPTOP" name="com.testCases.OrangeHRMLoginTest" tests="1" failures="0" timestamp="2020-12-03T13:33:46 PST" time="1.824" errors="0">
  <testcase name="login" time="1.824" classname="com.testCases.OrangeHRMLoginTest"/>
  <system-out/>
</testsuite> <!-- com.testCases.OrangeHRMLoginTest -->
