<?xml version="1.0" encoding="UTF-8"?>
<!-- Generated by org.testng.reporters.JUnitReportReporter -->
<testsuite skipped="0" hostname="SRINI-LAPTOP" name="com.testCases.C2taRegisterTest" tests="1" failures="0" timestamp="2020-12-03T15:57:59 PST" time="11.521" errors="0">
  <testcase name="register" time="11.521" classname="com.testCases.C2taRegisterTest"/>
  <system-out/>
</testsuite> <!-- com.testCases.C2taRegisterTest -->
